UG to STEP
! INFO-     NX STEP AP242 - V2506.4001
! INFO-      
! INFO-     Start of Translation: 17-JAN-2026  3:00:28 PM
! INFO-      
! STATUS-   Converting Part: C:\Users\Bram\UGent\Korneel Verraes - CAD-Files\Final-Assembly\ASSY_V6.prt
! STATUS-    
! STATUS-   Converting to Output Form (Phase 2 of 3): 17-JAN-2026 3:00:28 PM
! STATUS-    
! INFO-     Bspline aprx. value in effect for this translation :0.025400 milimeters 
! INFO-      
! INFO-           Summary of STEP Entities 
! INFO-      
! INFO-     Entity Type                                                   Count 
! INFO-     -----------                                                   ------ 
! INFO-     advanced_brep_shape_representation .......................:   24 
! INFO-     advanced_face ............................................:   1561 
! INFO-     application_context ......................................:   1 
! INFO-     application_protocol_definition ..........................:   1 
! INFO-     axis2_placement_3d .......................................:   3099 
! INFO-     b_spline_curve_with_knots ................................:   556 
! INFO-     b_spline_curve_with_knots_and_rational_b_spline_curve ....:   126 
! INFO-     b_spline_surface_with_knots ..............................:   114 
! INFO-     b_spline_surface_with_knots_and_rational_b_spline_surface :   114 
! INFO-     camera_model_d3 ..........................................:   210 
! INFO-     cartesian_point ..........................................:   16958 
! INFO-     circle ...................................................:   1173 
! INFO-     closed_shell .............................................:   26 
! INFO-     colour_rgb ...............................................:   4 
! INFO-     conical_surface ..........................................:   169 
! INFO-     context_dependent_shape_representation ...................:   26 
! INFO-     curve_style ..............................................:   216 
! INFO-     cylindrical_surface ......................................:   471 
! INFO-     default_model_geometric_view .............................:   26 
! INFO-     direction ................................................:   8261 
! INFO-     draughting_model .........................................:   211 
! INFO-     draughting_pre_defined_curve_font ........................:   216 
! INFO-     edge_curve ...............................................:   3848 
! INFO-     edge_loop ................................................:   1898 
! INFO-     ellipse ..................................................:   146 
! INFO-     face_bound ...............................................:   1915 
! INFO-     fill_area_style ..........................................:   26 
! INFO-     fill_area_style_colour ...................................:   26 
! INFO-     geometrically_bounded_wireframe_shape_representation .....:   7 
! INFO-     geometric_curve_set ......................................:   89 
! INFO-     geometric_representation_context_and_global_uncertainty_a :   26 
! INFO-     item_defined_transformation ..............................:   26 
! INFO-     length_unit_and_si_unit ..................................:   1 
! INFO-     line .....................................................:   2063 
! INFO-     manifold_solid_brep ......................................:   26 
! INFO-     mapped_item ..............................................:   211 
! INFO-     mechanical_design_and_draughting_relationship ............:   210 
! INFO-     mechanical_design_geometric_presentation_representation ..:   1 
! INFO-     model_geometric_view .....................................:   184 
! INFO-     next_assembly_usage_occurrence ...........................:   26 
! INFO-     oriented_edge ............................................:   7696 
! INFO-     planar_box ...............................................:   210 
! INFO-     plane ....................................................:   639 
! INFO-     plane_angle_unit_and_si_unit .............................:   1 
! INFO-     point_style ..............................................:   1 
! INFO-     presentation_style_assignment ............................:   243 
! INFO-     product ..................................................:   26 
! INFO-     product_category .........................................:   26 
! INFO-     product_context ..........................................:   26 
! INFO-     product_definition .......................................:   26 
! INFO-     product_definition_context ...............................:   26 
! INFO-     product_definition_formation_with_specified_source .......:   26 
! INFO-     product_definition_shape .................................:   52 
! INFO-     product_related_product_category .........................:   26 
! INFO-     representation_map .......................................:   211 
! INFO-     representation_relationship_with_transformation_and_shape :   26 
! INFO-     shape_definition_representation ..........................:   26 
! INFO-     shape_representation .....................................:   26 
! INFO-     shape_representation_relationship ........................:   31 
! INFO-     si_unit_and_solid_angle_unit .............................:   1 
! INFO-     spherical_surface ........................................:   16 
! INFO-     styled_item ..............................................:   243 
! INFO-     surface_side_style .......................................:   26 
! INFO-     surface_style_fill_area ..................................:   26 
! INFO-     surface_style_rendering_with_properties ..................:   1 
! INFO-     surface_style_transparent ................................:   1 
! INFO-     surface_style_usage ......................................:   26 
! INFO-     toroidal_surface .........................................:   38 
! INFO-     trimmed_curve ............................................:   216 
! INFO-     uncertainty_measure_with_unit ............................:   26 
! INFO-     vector ...................................................:   2063 
! INFO-     vertex_loop ..............................................:   17 
! INFO-     vertex_point .............................................:   2507 
! INFO-     view_volume ..............................................:   210 
! INFO-                                                                  ------- 
! INFO-     Total                                                         59053 
! INFO-      
! INFO-     End of Translation: 17-JAN-2026  3:00:54 PM
! INFO-      
